<?xml version="1.0" encoding="UTF-8"?>
<testng-results ignored="0" total="1" passed="1" failed="0" skipped="0">
  <reporter-output>
  </reporter-output>
  <suite started-at="2023-03-16T20:36:28 IST" name="Default suite" finished-at="2023-03-16T20:36:28 IST" duration-ms="63">
    <groups>
    </groups>
    <test started-at="2023-03-16T20:36:28 IST" name="Default test" finished-at="2023-03-16T20:36:28 IST" duration-ms="63">
      <class name="testngPractice.SampleClass">
        <test-method signature="TestCase1()[pri:0, instance:testngPractice.SampleClass@3967e60c]" started-at="2023-03-16T20:36:28 IST" name="TestCase1" finished-at="2023-03-16T20:36:28 IST" duration-ms="10" status="PASS">
          <reporter-output>
          </reporter-output>
        </test-method> <!-- TestCase1 -->
      </class> <!-- testngPractice.SampleClass -->
    </test> <!-- Default test -->
  </suite> <!-- Default suite -->
</testng-results>
