<?xml version="1.0" encoding="UTF-8"?>
<testng-results ignored="0" total="1" passed="1" failed="0" skipped="0">
  <reporter-output>
  </reporter-output>
  <suite started-at="2023-08-04T16:39:26 IST" name="Default suite" finished-at="2023-08-04T16:39:26 IST" duration-ms="44">
    <groups>
    </groups>
    <test started-at="2023-08-04T16:39:26 IST" name="Default test" finished-at="2023-08-04T16:39:26 IST" duration-ms="44">
      <class name="testNGPractice.Listners1">
        <test-method signature="loginTest()[pri:0, instance:testNGPractice.Listners1@449a4f23]" started-at="2023-08-04T16:39:26 IST" name="loginTest" finished-at="2023-08-04T16:39:26 IST" duration-ms="9" status="PASS">
          <reporter-output>
          </reporter-output>
        </test-method> <!-- loginTest -->
      </class> <!-- testNGPractice.Listners1 -->
    </test> <!-- Default test -->
  </suite> <!-- Default suite -->
</testng-results>
