<?xml version="1.0" encoding="UTF-8"?>
<!-- Generated by org.testng.reporters.JUnitXMLReporter -->
<testsuite ignored="1" hostname="LAPTOP-TV2ANJ2T" failures="0" tests="2" name="groupregression" time="0.046" errors="0" timestamp="2023-03-19T14:44:34 IST">
  <testcase classname="testngAnnotations.groupsAnnotationAttribute" name="credential" time="0.01"/>
  <testcase classname="testngAnnotations.groupsAnnotationAttribute" name="login" time="0.001"/>
  <testcase classname="testngAnnotations.groupsAnnotationAttribute" name="logout" time="0.0">
    <ignored/>
  </testcase> <!-- logout -->
</testsuite> <!-- groupregression -->
