<?xml version="1.0" encoding="UTF-8"?>
<!-- Generated by org.testng.reporters.JUnitXMLReporter -->
<testsuite ignored="0" hostname="LAPTOP-TV2ANJ2T" failures="0" tests="3" name="parameterSingleClass" time="0.043" errors="0" timestamp="2023-03-19T14:56:17 IST">
  <testcase classname="testngAnnotations.AdditionParametersAttributeWithMultiplaeClass" name="additionMethod" time="0.005"/>
  <testcase classname="testngAnnotations.Substraction" name="substarctionMethod" time="0.001"/>
  <testcase classname="testngAnnotations.Multiplication" name="multiplicationMethod" time="0.001"/>
</testsuite> <!-- parameterSingleClass -->
