<?xml version="1.0" encoding="UTF-8"?>
<!-- Generated by org.testng.reporters.JUnitXMLReporter -->
<testsuite ignored="2" hostname="LAPTOP-TV2ANJ2T" failures="2" tests="9" name="Test" time="0.54" errors="0" timestamp="2023-03-19T12:10:56 IST">
  <testcase classname="testngAnnotations.TestngDescriptionAnnotationAttributeTest" name="login" time="0.011"/>
  <testcase classname="testngAnnotations.TestngDescriptionAnnotationAttributeTest" name="credential" time="0.001"/>
  <testcase classname="testngAnnotations.TestngDescriptionAnnotationAttributeTest" name="logout" time="0.002"/>
  <testcase classname="testngAnnotations.TestngPriorityAnnotationAttribute" name="testcase1" time="0.001"/>
  <testcase classname="testngAnnotations.TestngPriorityAnnotationAttribute" name="testcase3" time="0.002"/>
  <testcase classname="testngAnnotations.EnabledAnnotationAttributeTest" name="login" time="0.001"/>
  <testcase classname="testngAnnotations.TimeoutAnnotationattribute" name="credential" time="0.102">
    <failure type="org.testng.internal.thread.ThreadTimeoutException" message="Method testngAnnotations.TimeoutAnnotationattribute.credential() didn&amp;apos;t finish within the time-out 100">
      <![CDATA[org.testng.internal.thread.ThreadTimeoutException: Method testngAnnotations.TimeoutAnnotationattribute.credential() didn't finish within the time-out 100
at java.base/java.util.ArrayList.forEach(ArrayList.java:1511)
... Removed 24 stack frames]]>
    </failure>
  </testcase> <!-- credential -->
  <testcase classname="testngAnnotations.TimeoutAnnotationattribute" name="login" time="0.06"/>
  <testcase classname="testngAnnotations.TimeoutAnnotationattribute" name="logout" time="0.309">
    <failure type="org.testng.internal.thread.ThreadTimeoutException" message="Method testngAnnotations.TimeoutAnnotationattribute.logout() didn&amp;apos;t finish within the time-out 300">
      <![CDATA[org.testng.internal.thread.ThreadTimeoutException: Method testngAnnotations.TimeoutAnnotationattribute.logout() didn't finish within the time-out 300
at java.base/java.util.ArrayList.forEach(ArrayList.java:1511)
... Removed 24 stack frames]]>
    </failure>
  </testcase> <!-- logout -->
  <testcase classname="testngAnnotations.EnabledAnnotationAttributeTest" name="logout" time="0.0">
    <ignored/>
  </testcase> <!-- logout -->
  <testcase classname="testngAnnotations.EnabledAnnotationAttributeTest" name="credential" time="0.0">
    <ignored/>
  </testcase> <!-- credential -->
</testsuite> <!-- Test -->
