<?xml version="1.0" encoding="UTF-8"?>
<testng-results ignored="0" total="1" passed="1" failed="0" skipped="0">
  <reporter-output>
  </reporter-output>
  <suite started-at="2023-07-10T16:02:15 IST" name="Default suite" finished-at="2023-07-10T16:02:16 IST" duration-ms="896">
    <groups>
    </groups>
    <test started-at="2023-07-10T16:02:15 IST" name="Default test" finished-at="2023-07-10T16:02:16 IST" duration-ms="896">
      <class name="testCase.JsonParseWithTestNG">
        <test-method signature="sumOfCoursePriceValidation()[pri:0, instance:testCase.JsonParseWithTestNG@72e5a8e]" started-at="2023-07-10T16:02:15 IST" name="sumOfCoursePriceValidation" finished-at="2023-07-10T16:02:16 IST" duration-ms="862" status="PASS">
          <reporter-output>
          </reporter-output>
        </test-method> <!-- sumOfCoursePriceValidation -->
      </class> <!-- testCase.JsonParseWithTestNG -->
    </test> <!-- Default test -->
  </suite> <!-- Default suite -->
</testng-results>
