<?xml version="1.0" encoding="UTF-8"?>
<testng-results ignored="0" total="1" passed="1" failed="0" skipped="0">
  <reporter-output>
  </reporter-output>
  <suite started-at="2023-03-22T14:23:49 IST" name="Default suite" finished-at="2023-03-22T14:23:54 IST" duration-ms="5382">
    <groups>
    </groups>
    <test started-at="2023-03-22T14:23:49 IST" name="Default test" finished-at="2023-03-22T14:23:54 IST" duration-ms="5382">
      <class name="testingAnnotatios.Screenshot">
        <test-method signature="screenshott()[pri:0, instance:testingAnnotatios.Screenshot@78e117e3]" started-at="2023-03-22T14:23:49 IST" name="screenshott" finished-at="2023-03-22T14:23:54 IST" duration-ms="5346" status="PASS">
          <reporter-output>
          </reporter-output>
        </test-method> <!-- screenshott -->
      </class> <!-- testingAnnotatios.Screenshot -->
    </test> <!-- Default test -->
  </suite> <!-- Default suite -->
</testng-results>
