<?xml version="1.0" encoding="UTF-8"?>
<testng-results ignored="0" total="1" passed="1" failed="0" skipped="0">
  <reporter-output>
  </reporter-output>
  <suite started-at="2023-03-27T15:46:42 IST" name="Default suite" finished-at="2023-03-27T15:46:47 IST" duration-ms="4798">
    <groups>
    </groups>
    <test started-at="2023-03-27T15:46:42 IST" name="Default test" finished-at="2023-03-27T15:46:47 IST" duration-ms="4798">
      <class name="testNG.HardAssertion">
        <test-method signature="loginTest()[pri:0, instance:testNG.HardAssertion@35d019a3]" started-at="2023-03-27T15:46:42 IST" name="loginTest" finished-at="2023-03-27T15:46:47 IST" duration-ms="4768" status="PASS">
          <reporter-output>
          </reporter-output>
        </test-method> <!-- loginTest -->
      </class> <!-- testNG.HardAssertion -->
    </test> <!-- Default test -->
  </suite> <!-- Default suite -->
</testng-results>
